{
  "stats": {
    "suites": 1,
    "tests": 8,
    "passes": 8,
    "pending": 0,
    "failures": 0,
    "start": "2020-11-02T05:05:52.387Z",
    "end": "2020-11-02T05:05:59.932Z",
    "duration": 7545,
    "testsRegistered": 8,
    "passPercent": 100,
    "pendingPercent": 0,
    "other": 0,
    "hasOther": false,
    "skipped": 0,
    "hasSkipped": false
  },
  "results": [
    {
      "uuid": "c1df78b6-4bfc-40a3-95c5-d40fbdc5e547",
      "title": "",
      "fullFile": "cypress/integration/login.spec.js",
      "file": "cypress/integration/login.spec.js",
      "beforeHooks": [],
      "afterHooks": [],
      "tests": [],
      "suites": [
        {
          "uuid": "3ff363d6-9adc-4883-8f88-a20435c4f9aa",
          "title": "Crie uma página de login",
          "fullFile": "",
          "file": "",
          "beforeHooks": [],
          "afterHooks": [],
          "tests": [
            {
              "title": "Será validado que é possível acessar a home",
              "fullTitle": "Crie uma página de login Será validado que é possível acessar a home",
              "timedOut": null,
              "duration": 1258,
              "state": "passed",
              "speed": "slow",
              "pass": true,
              "fail": false,
              "pending": false,
              "context": null,
              "code": "(0, _actionBase.verifyContainsUrl)(\"\".concat(Cypress.config().baseUrl, \"/login\"));",
              "err": {},
              "uuid": "8d60ece7-6eb7-44bf-a71d-d89e9ab107da",
              "parentUUID": "3ff363d6-9adc-4883-8f88-a20435c4f9aa",
              "isHook": false,
              "skipped": false
            },
            {
              "title": "Será validado que a tela login contém os atributos descritos no protótipo",
              "fullTitle": "Crie uma página de login Será validado que a tela login contém os atributos descritos no protótipo",
              "timedOut": null,
              "duration": 383,
              "state": "passed",
              "speed": "slow",
              "pass": true,
              "fail": false,
              "pending": false,
              "context": null,
              "code": "(0, _actionBase.verifyContainsText)('Email');\n(0, _actionBase.verifyElementVisible)('[data-testid=\"email-input\"]');\n(0, _actionBase.verifyContainsText)('Password');\n(0, _actionBase.verifyElementVisible)('[data-testid=\"password-input\"]');\n(0, _actionBase.verifyContainsText)('ENTRAR');\n(0, _actionBase.verifyElementVisible)('[data-testid=\"signin-btn\"]');\n(0, _actionBase.verifyContainsText)('Ainda não tenho conta');\n(0, _actionBase.verifyElementVisible)('[data-testid=\"no-account-btn\"]');",
              "err": {},
              "uuid": "1cc03f7b-f173-485c-8438-26694052b239",
              "parentUUID": "3ff363d6-9adc-4883-8f88-a20435c4f9aa",
              "isHook": false,
              "skipped": false
            },
            {
              "title": "Será validado que não é possível fazer login com um email inválido",
              "fullTitle": "Crie uma página de login Será validado que não é possível fazer login com um email inválido",
              "timedOut": null,
              "duration": 1068,
              "state": "passed",
              "speed": "slow",
              "pass": true,
              "fail": false,
              "pending": false,
              "context": null,
              "code": "(0, _actionBase.insertText)('[data-testid=\"email-input\"]', 'email@');\n(0, _actionBase.insertText)('[data-testid=\"password-input\"]', '12345678');\n(0, _actionBase.verifyElementIsDisable)('[data-testid=\"signin-btn\"]');",
              "err": {},
              "uuid": "db08615a-7ac0-492d-aafe-46c8a9613ad7",
              "parentUUID": "3ff363d6-9adc-4883-8f88-a20435c4f9aa",
              "isHook": false,
              "skipped": false
            },
            {
              "title": "Será validado que não é possível fazer login com uma senha em branco",
              "fullTitle": "Crie uma página de login Será validado que não é possível fazer login com uma senha em branco",
              "timedOut": null,
              "duration": 959,
              "state": "passed",
              "speed": "slow",
              "pass": true,
              "fail": false,
              "pending": false,
              "context": null,
              "code": "(0, _actionBase.insertText)('[data-testid=\"email-input\"]', 'bruno.batista@gmail.com');\n(0, _actionBase.insertText)('[data-testid=\"password-input\"]', ' ');\n(0, _actionBase.verifyElementIsDisable)('[data-testid=\"signin-btn\"]');",
              "err": {},
              "uuid": "9c4dd1e9-b002-4640-a00f-9b237dc6147b",
              "parentUUID": "3ff363d6-9adc-4883-8f88-a20435c4f9aa",
              "isHook": false,
              "skipped": false
            },
            {
              "title": "Será validado que não é possível fazer login com uma senha com menos de 6 caracteres",
              "fullTitle": "Crie uma página de login Será validado que não é possível fazer login com uma senha com menos de 6 caracteres",
              "timedOut": null,
              "duration": 989,
              "state": "passed",
              "speed": "slow",
              "pass": true,
              "fail": false,
              "pending": false,
              "context": null,
              "code": "(0, _actionBase.insertText)('[data-testid=\"email-input\"]', 'bruno.batista@gmail.com');\n(0, _actionBase.insertText)('[data-testid=\"password-input\"]', '1234');\n(0, _actionBase.verifyElementIsDisable)('[data-testid=\"signin-btn\"]');",
              "err": {},
              "uuid": "58a39f95-cc04-4276-b4ff-1f94335c0631",
              "parentUUID": "3ff363d6-9adc-4883-8f88-a20435c4f9aa",
              "isHook": false,
              "skipped": false
            },
            {
              "title": "Será validado que é possível fazer login com um cliente e ser redirecionado para tela de cliente",
              "fullTitle": "Crie uma página de login Será validado que é possível fazer login com um cliente e ser redirecionado para tela de cliente",
              "timedOut": null,
              "duration": 1144,
              "state": "passed",
              "speed": "slow",
              "pass": true,
              "fail": false,
              "pending": false,
              "context": null,
              "code": "(0, _actionBase.login)('bruno.batista@gmail.com', '12345678');\n(0, _actionBase.verifyContainsUrl)(\"\".concat(Cypress.config().baseUrl, \"/products\"));",
              "err": {},
              "uuid": "4d25ee8f-5615-4dae-ab6b-748c06faf3be",
              "parentUUID": "3ff363d6-9adc-4883-8f88-a20435c4f9aa",
              "isHook": false,
              "skipped": false
            },
            {
              "title": "Será validado que é possível fazer login com um admin e ser redirecionado para tela de admin",
              "fullTitle": "Crie uma página de login Será validado que é possível fazer login com um admin e ser redirecionado para tela de admin",
              "timedOut": null,
              "duration": 1112,
              "state": "passed",
              "speed": "slow",
              "pass": true,
              "fail": false,
              "pending": false,
              "context": null,
              "code": "(0, _actionBase.login)('tryber@trybe.com.br', '123456');\n(0, _actionBase.verifyContainsUrl)(\"\".concat(Cypress.config().baseUrl, \"/admin/orders\"));",
              "err": {},
              "uuid": "06a1893c-8f14-450c-b61e-202415d758bf",
              "parentUUID": "3ff363d6-9adc-4883-8f88-a20435c4f9aa",
              "isHook": false,
              "skipped": false
            },
            {
              "title": "Será validado que é possível clicar no botão \"Ainda não tenho conta\" e ser redirecionado para tela de registro",
              "fullTitle": "Crie uma página de login Será validado que é possível clicar no botão \"Ainda não tenho conta\" e ser redirecionado para tela de registro",
              "timedOut": null,
              "duration": 319,
              "state": "passed",
              "speed": "slow",
              "pass": true,
              "fail": false,
              "pending": false,
              "context": null,
              "code": "(0, _actionBase.clickButton)('[data-testid=\"no-account-btn\"]');\n(0, _actionBase.verifyContainsUrl)(\"\".concat(Cypress.config().baseUrl, \"/register\"));",
              "err": {},
              "uuid": "7578e5b3-1ca2-44d2-8dd9-c8035f9f1149",
              "parentUUID": "3ff363d6-9adc-4883-8f88-a20435c4f9aa",
              "isHook": false,
              "skipped": false
            }
          ],
          "suites": [],
          "passes": [
            "8d60ece7-6eb7-44bf-a71d-d89e9ab107da",
            "1cc03f7b-f173-485c-8438-26694052b239",
            "db08615a-7ac0-492d-aafe-46c8a9613ad7",
            "9c4dd1e9-b002-4640-a00f-9b237dc6147b",
            "58a39f95-cc04-4276-b4ff-1f94335c0631",
            "4d25ee8f-5615-4dae-ab6b-748c06faf3be",
            "06a1893c-8f14-450c-b61e-202415d758bf",
            "7578e5b3-1ca2-44d2-8dd9-c8035f9f1149"
          ],
          "failures": [],
          "pending": [],
          "skipped": [],
          "duration": 7232,
          "root": false,
          "rootEmpty": false,
          "_timeout": 2000
        }
      ],
      "passes": [],
      "failures": [],
      "pending": [],
      "skipped": [],
      "duration": 0,
      "root": true,
      "rootEmpty": true,
      "_timeout": 2000
    }
  ],
  "meta": {
    "mocha": {
      "version": "7.0.1"
    },
    "mochawesome": {
      "options": {
        "quiet": false,
        "reportFilename": "mochawesome",
        "saveHtml": false,
        "saveJson": true,
        "consoleReporter": "spec",
        "useInlineDiffs": false
      },
      "version": "4.1.0"
    },
    "marge": {
      "options": {
        "id": "default",
        "reportDir": "cypress/reports",
        "overwrite": false,
        "html": false,
        "json": true
      },
      "version": "4.1.0"
    }
  }
}