{
  "stats": {
    "suites": 1,
    "tests": 6,
    "passes": 6,
    "pending": 0,
    "failures": 0,
    "start": "2020-11-02T05:09:08.797Z",
    "end": "2020-11-02T05:09:27.580Z",
    "duration": 18783,
    "testsRegistered": 6,
    "passPercent": 100,
    "pendingPercent": 0,
    "other": 0,
    "hasOther": false,
    "skipped": 0,
    "hasSkipped": false
  },
  "results": [
    {
      "uuid": "dfe6d774-8788-4357-aafb-c3839df5abf8",
      "title": "",
      "fullFile": "cypress/integration/profileClient.spec.js",
      "file": "cypress/integration/profileClient.spec.js",
      "beforeHooks": [],
      "afterHooks": [],
      "tests": [],
      "suites": [
        {
          "uuid": "66a245bf-3716-460b-a555-0f331cc5fc42",
          "title": "Criar tela de perfil do cliente",
          "fullFile": "",
          "file": "",
          "beforeHooks": [],
          "afterHooks": [],
          "tests": [
            {
              "title": "Será validado que é possível acessar a tela de perfil do cliente",
              "fullTitle": "Criar tela de perfil do cliente Será validado que é possível acessar a tela de perfil do cliente",
              "timedOut": null,
              "duration": 3375,
              "state": "passed",
              "speed": "slow",
              "pass": true,
              "fail": false,
              "pending": false,
              "context": null,
              "code": "(0, _actionBase.verifyContainsUrl)(\"\".concat(Cypress.config().baseUrl, \"/profile\"));",
              "err": {},
              "uuid": "d9d6bb2f-ed3c-4782-b601-82bd3baca93d",
              "parentUUID": "66a245bf-3716-460b-a555-0f331cc5fc42",
              "isHook": false,
              "skipped": false
            },
            {
              "title": "Será validado que contém os atributos descritos no protótipo",
              "fullTitle": "Criar tela de perfil do cliente Será validado que contém os atributos descritos no protótipo",
              "timedOut": null,
              "duration": 2754,
              "state": "passed",
              "speed": "slow",
              "pass": true,
              "fail": false,
              "pending": false,
              "context": null,
              "code": "(0, _actionBase.verifyElementVisible)('[data-testid=\"profile-name-input\"]');\n(0, _actionBase.verifyElementVisible)('[data-testid=\"profile-email-input\"]');\n(0, _actionBase.verifyContainsText)('Salvar');\n(0, _actionBase.verifyElementVisible)('[data-testid=\"profile-save-btn\"]');\n(0, _actionBase.verifyElementContainsText)('[data-testid=\"top-title\"]', 'Meu perfil');",
              "err": {},
              "uuid": "db92dde1-8583-426c-99c3-662ab79d82e9",
              "parentUUID": "66a245bf-3716-460b-a555-0f331cc5fc42",
              "isHook": false,
              "skipped": false
            },
            {
              "title": "Será validado que campo email está como readonly",
              "fullTitle": "Criar tela de perfil do cliente Será validado que campo email está como readonly",
              "timedOut": null,
              "duration": 2549,
              "state": "passed",
              "speed": "slow",
              "pass": true,
              "fail": false,
              "pending": false,
              "context": null,
              "code": "(0, _actionBase.verifyElementContainsAttribute)('[data-testid=\"profile-email-input\"]', 'readonly');",
              "err": {},
              "uuid": "3a6c5259-df57-41ec-9bbd-ebc8d49150aa",
              "parentUUID": "66a245bf-3716-460b-a555-0f331cc5fc42",
              "isHook": false,
              "skipped": false
            },
            {
              "title": "Será validado que o botão salvar fique desabilitado caso não altere o nome",
              "fullTitle": "Criar tela de perfil do cliente Será validado que o botão salvar fique desabilitado caso não altere o nome",
              "timedOut": null,
              "duration": 2699,
              "state": "passed",
              "speed": "slow",
              "pass": true,
              "fail": false,
              "pending": false,
              "context": null,
              "code": "(0, _actionBase.verifyElementIsDisable)('[data-testid=\"profile-save-btn\"]');",
              "err": {},
              "uuid": "b1a6add6-0cb2-4bf5-8ad1-9b7dba77fe2b",
              "parentUUID": "66a245bf-3716-460b-a555-0f331cc5fc42",
              "isHook": false,
              "skipped": false
            },
            {
              "title": "Será validado que o botão salvar fique habilitado caso altere o nome",
              "fullTitle": "Criar tela de perfil do cliente Será validado que o botão salvar fique habilitado caso altere o nome",
              "timedOut": null,
              "duration": 3146,
              "state": "passed",
              "speed": "slow",
              "pass": true,
              "fail": false,
              "pending": false,
              "context": null,
              "code": "cy.get('[data-testid=\"profile-name-input\"]').clear().type('testebatitaosilva');\n(0, _actionBase.verifyElementNotContainsAttribute)('[data-testid=\"profile-save-btn\"]', 'disable');",
              "err": {},
              "uuid": "b39441b9-aeb1-42ca-a506-e12e1f866361",
              "parentUUID": "66a245bf-3716-460b-a555-0f331cc5fc42",
              "isHook": false,
              "skipped": false
            },
            {
              "title": "Será validado que é possível alterar o nome com sucesso",
              "fullTitle": "Criar tela de perfil do cliente Será validado que é possível alterar o nome com sucesso",
              "timedOut": null,
              "duration": 3791,
              "state": "passed",
              "speed": "slow",
              "pass": true,
              "fail": false,
              "pending": false,
              "context": null,
              "code": "cy.get('[data-testid=\"profile-name-input\"]').clear().type('testebatitaosilva');\n(0, _actionBase.clickButton)('[data-testid=\"profile-save-btn\"]');\n(0, _actionBase.verifyContainsText)('Atualização concluída com sucesso');",
              "err": {},
              "uuid": "61b76d82-b6ca-443f-a25b-c7a9502f188d",
              "parentUUID": "66a245bf-3716-460b-a555-0f331cc5fc42",
              "isHook": false,
              "skipped": false
            }
          ],
          "suites": [],
          "passes": [
            "d9d6bb2f-ed3c-4782-b601-82bd3baca93d",
            "db92dde1-8583-426c-99c3-662ab79d82e9",
            "3a6c5259-df57-41ec-9bbd-ebc8d49150aa",
            "b1a6add6-0cb2-4bf5-8ad1-9b7dba77fe2b",
            "b39441b9-aeb1-42ca-a506-e12e1f866361",
            "61b76d82-b6ca-443f-a25b-c7a9502f188d"
          ],
          "failures": [],
          "pending": [],
          "skipped": [],
          "duration": 18314,
          "root": false,
          "rootEmpty": false,
          "_timeout": 2000
        }
      ],
      "passes": [],
      "failures": [],
      "pending": [],
      "skipped": [],
      "duration": 0,
      "root": true,
      "rootEmpty": true,
      "_timeout": 2000
    }
  ],
  "meta": {
    "mocha": {
      "version": "7.0.1"
    },
    "mochawesome": {
      "options": {
        "quiet": false,
        "reportFilename": "mochawesome",
        "saveHtml": false,
        "saveJson": true,
        "consoleReporter": "spec",
        "useInlineDiffs": false
      },
      "version": "4.1.0"
    },
    "marge": {
      "options": {
        "id": "default",
        "reportDir": "cypress/reports",
        "overwrite": false,
        "html": false,
        "json": true
      },
      "version": "4.1.0"
    }
  }
}