{
  "stats": {
    "suites": 1,
    "tests": 6,
    "passes": 6,
    "pending": 0,
    "failures": 0,
    "start": "2020-11-02T05:08:21.026Z",
    "end": "2020-11-02T05:08:44.703Z",
    "duration": 23677,
    "testsRegistered": 6,
    "passPercent": 100,
    "pendingPercent": 0,
    "other": 0,
    "hasOther": false,
    "skipped": 0,
    "hasSkipped": false
  },
  "results": [
    {
      "uuid": "bb0227a1-e9ad-47d8-af1a-57dcb283fc63",
      "title": "",
      "fullFile": "cypress/integration/productDetailsClient.spec.js",
      "file": "cypress/integration/productDetailsClient.spec.js",
      "beforeHooks": [],
      "afterHooks": [],
      "tests": [],
      "suites": [
        {
          "uuid": "35ec20c4-579b-4469-9a25-2fb12bb2e6b6",
          "title": "Criar tela de detalhes pedidos",
          "fullFile": "",
          "file": "",
          "beforeHooks": [],
          "afterHooks": [],
          "tests": [
            {
              "title": "Será validado que é possível acessar a tela do detalhe do pedido",
              "fullTitle": "Criar tela de detalhes pedidos Será validado que é possível acessar a tela do detalhe do pedido",
              "timedOut": null,
              "duration": 4392,
              "state": "passed",
              "speed": "slow",
              "pass": true,
              "fail": false,
              "pending": false,
              "context": null,
              "code": "(0, _actionBase.login)(Cypress.env('login'), Cypress.env('password'));\n(0, _actionBase.buyOneProduct)();\n(0, _actionBase.accessOrdersClient)();\n(0, _actionBase.clickButton)('[data-testid=\"0-order-number\"]');\n(0, _actionBase.verifyContainsUrl)(\"\".concat(Cypress.config().baseUrl, \"/orders/1\"));",
              "err": {},
              "uuid": "4ac4ad26-f034-41f5-9a10-90922c99a7e3",
              "parentUUID": "35ec20c4-579b-4469-9a25-2fb12bb2e6b6",
              "isHook": false,
              "skipped": false
            },
            {
              "title": "Será validado que contém os atributos descritos no protótipo",
              "fullTitle": "Criar tela de detalhes pedidos Será validado que contém os atributos descritos no protótipo",
              "timedOut": null,
              "duration": 4274,
              "state": "passed",
              "speed": "slow",
              "pass": true,
              "fail": false,
              "pending": false,
              "context": null,
              "code": "(0, _actionBase.login)(Cypress.env('login'), Cypress.env('password'));\n(0, _actionBase.buyOneProduct)();\n(0, _actionBase.accessOrdersClient)();\n(0, _actionBase.clickButton)('[data-testid=\"0-order-number\"]');\n(0, _actionBase.verifyElementVisible)('[data-testid=\"top-title\"]');\n(0, _actionBase.verifyElementVisible)('[data-testid=\"order-number\"]');\n(0, _actionBase.verifyElementVisible)('[data-testid=\"order-date\"]');\n(0, _actionBase.verifyElementVisible)('[data-testid=\"0-product-qtd\"]');\n(0, _actionBase.verifyElementVisible)('[data-testid=\"0-product-name\"]');\n(0, _actionBase.verifyElementVisible)('[data-testid=\"0-product-total-value\"]');\n(0, _actionBase.verifyElementVisible)('[data-testid=\"order-total-value\"]');",
              "err": {},
              "uuid": "dbc0aed7-1d92-421a-91b3-96bf9368e25c",
              "parentUUID": "35ec20c4-579b-4469-9a25-2fb12bb2e6b6",
              "isHook": false,
              "skipped": false
            },
            {
              "title": "Será validado que é possível ver que tem número do pedido e a data da compra",
              "fullTitle": "Criar tela de detalhes pedidos Será validado que é possível ver que tem número do pedido e a data da compra",
              "timedOut": null,
              "duration": 4332,
              "state": "passed",
              "speed": "slow",
              "pass": true,
              "fail": false,
              "pending": false,
              "context": null,
              "code": "var date = (0, _actionBase.getDateAndMonth)();\n(0, _actionBase.login)(Cypress.env('login'), Cypress.env('password'));\n(0, _actionBase.buyOneProduct)();\n(0, _actionBase.accessOrdersClient)();\n(0, _actionBase.clickButton)('[data-testid=\"0-order-number\"]');\n(0, _actionBase.verifyElementContainsText)('[data-testid=\"order-number\"]', 'Pedido 1');\n(0, _actionBase.verifyElementContainsText)('[data-testid=\"order-date\"]', date);",
              "err": {},
              "uuid": "1544a585-1fb1-4ada-b000-7e7a11463043",
              "parentUUID": "35ec20c4-579b-4469-9a25-2fb12bb2e6b6",
              "isHook": false,
              "skipped": false
            },
            {
              "title": "Será validado que é possível ver que o produto tem quantidade, nome e valor total do produto",
              "fullTitle": "Criar tela de detalhes pedidos Será validado que é possível ver que o produto tem quantidade, nome e valor total do produto",
              "timedOut": null,
              "duration": 3975,
              "state": "passed",
              "speed": "slow",
              "pass": true,
              "fail": false,
              "pending": false,
              "context": null,
              "code": "(0, _actionBase.login)(Cypress.env('login'), Cypress.env('password'));\n(0, _actionBase.buyOneProduct)();\n(0, _actionBase.accessOrdersClient)();\n(0, _actionBase.clickButton)('[data-testid=\"0-order-number\"]');\n(0, _actionBase.verifyElementContainsText)('[data-testid=\"0-product-qtd\"]', '1');\n(0, _actionBase.verifyElementContainsText)('[data-testid=\"0-product-name\"]', 'Skol Lata 250ml');\n(0, _actionBase.verifyElementContainsText)('[data-testid=\"0-product-total-value\"]', 'R$ 2,20');",
              "err": {},
              "uuid": "88d02e16-f26d-4fec-b49d-327fcaef7a51",
              "parentUUID": "35ec20c4-579b-4469-9a25-2fb12bb2e6b6",
              "isHook": false,
              "skipped": false
            },
            {
              "title": "Será validado que é possível ver o valor total do pedido",
              "fullTitle": "Criar tela de detalhes pedidos Será validado que é possível ver o valor total do pedido",
              "timedOut": null,
              "duration": 4267,
              "state": "passed",
              "speed": "slow",
              "pass": true,
              "fail": false,
              "pending": false,
              "context": null,
              "code": "(0, _actionBase.login)(Cypress.env('login'), Cypress.env('password'));\n(0, _actionBase.buyProducts)();\n(0, _actionBase.accessOrdersClient)();\n(0, _actionBase.clickButton)('[data-testid=\"0-order-number\"]');\n(0, _actionBase.verifyElementContainsText)('[data-testid=\"0-product-qtd\"]', '2');\n(0, _actionBase.verifyElementContainsText)('[data-testid=\"0-product-name\"]', 'Skol Lata 250ml');\n(0, _actionBase.verifyElementContainsText)('[data-testid=\"order-total-value\"]', 'R$ 4,40');",
              "err": {},
              "uuid": "2f028b0d-bd90-467a-92f8-133a7d455540",
              "parentUUID": "35ec20c4-579b-4469-9a25-2fb12bb2e6b6",
              "isHook": false,
              "skipped": false
            },
            {
              "title": "Será validado que não é possível acessar a tela de meus pedidos sem estar logado e será redirecionado para tela de login",
              "fullTitle": "Criar tela de detalhes pedidos Será validado que não é possível acessar a tela de meus pedidos sem estar logado e será redirecionado para tela de login",
              "timedOut": null,
              "duration": 560,
              "state": "passed",
              "speed": "slow",
              "pass": true,
              "fail": false,
              "pending": false,
              "context": null,
              "code": "cy.visit(\"\".concat(Cypress.config().baseUrl, \"/orders/1\"));\n(0, _actionBase.verifyContainsUrl)(\"\".concat(Cypress.config().baseUrl, \"/login\"));",
              "err": {},
              "uuid": "d6d5f297-2eb2-4c19-87ca-82137ebc9f62",
              "parentUUID": "35ec20c4-579b-4469-9a25-2fb12bb2e6b6",
              "isHook": false,
              "skipped": false
            }
          ],
          "suites": [],
          "passes": [
            "4ac4ad26-f034-41f5-9a10-90922c99a7e3",
            "dbc0aed7-1d92-421a-91b3-96bf9368e25c",
            "1544a585-1fb1-4ada-b000-7e7a11463043",
            "88d02e16-f26d-4fec-b49d-327fcaef7a51",
            "2f028b0d-bd90-467a-92f8-133a7d455540",
            "d6d5f297-2eb2-4c19-87ca-82137ebc9f62"
          ],
          "failures": [],
          "pending": [],
          "skipped": [],
          "duration": 21800,
          "root": false,
          "rootEmpty": false,
          "_timeout": 2000
        }
      ],
      "passes": [],
      "failures": [],
      "pending": [],
      "skipped": [],
      "duration": 0,
      "root": true,
      "rootEmpty": true,
      "_timeout": 2000
    }
  ],
  "meta": {
    "mocha": {
      "version": "7.0.1"
    },
    "mochawesome": {
      "options": {
        "quiet": false,
        "reportFilename": "mochawesome",
        "saveHtml": false,
        "saveJson": true,
        "consoleReporter": "spec",
        "useInlineDiffs": false
      },
      "version": "4.1.0"
    },
    "marge": {
      "options": {
        "id": "default",
        "reportDir": "cypress/reports",
        "overwrite": false,
        "html": false,
        "json": true
      },
      "version": "4.1.0"
    }
  }
}