{
  "stats": {
    "suites": 1,
    "tests": 11,
    "passes": 11,
    "pending": 0,
    "failures": 0,
    "start": "2020-11-02T05:09:33.866Z",
    "end": "2020-11-02T05:09:48.475Z",
    "duration": 14609,
    "testsRegistered": 11,
    "passPercent": 100,
    "pendingPercent": 0,
    "other": 0,
    "hasOther": false,
    "skipped": 0,
    "hasSkipped": false
  },
  "results": [
    {
      "uuid": "84f0dcf3-6262-4543-95f5-5ffc3e6dcf7e",
      "title": "",
      "fullFile": "cypress/integration/register.spec.js",
      "file": "cypress/integration/register.spec.js",
      "beforeHooks": [],
      "afterHooks": [],
      "tests": [],
      "suites": [
        {
          "uuid": "f096b0c3-a1ef-497b-bda9-617076bf5690",
          "title": "Crie uma página de registro de usuários",
          "fullFile": "",
          "file": "",
          "beforeHooks": [],
          "afterHooks": [],
          "tests": [
            {
              "title": "Será validado que é possível acessar a tela de registro",
              "fullTitle": "Crie uma página de registro de usuários Será validado que é possível acessar a tela de registro",
              "timedOut": null,
              "duration": 1058,
              "state": "passed",
              "speed": "slow",
              "pass": true,
              "fail": false,
              "pending": false,
              "context": null,
              "code": "(0, _actionBase.verifyContainsUrl)(\"\".concat(Cypress.config().baseUrl, \"/register\"));",
              "err": {},
              "uuid": "1a61c702-c43a-462f-97fc-dbc384b818c1",
              "parentUUID": "f096b0c3-a1ef-497b-bda9-617076bf5690",
              "isHook": false,
              "skipped": false
            },
            {
              "title": "Será validado que contém os atributos descritos no protótipo",
              "fullTitle": "Crie uma página de registro de usuários Será validado que contém os atributos descritos no protótipo",
              "timedOut": null,
              "duration": 332,
              "state": "passed",
              "speed": "slow",
              "pass": true,
              "fail": false,
              "pending": false,
              "context": null,
              "code": "(0, _actionBase.verifyContainsText)('Nome');\n(0, _actionBase.verifyElementVisible)('[data-testid=\"signup-name\"]');\n(0, _actionBase.verifyContainsText)('Email');\n(0, _actionBase.verifyElementVisible)('[data-testid=\"signup-email\"]');\n(0, _actionBase.verifyContainsText)('Password');\n(0, _actionBase.verifyElementVisible)('[data-testid=\"signup-password\"]');\n(0, _actionBase.verifyContainsText)('Quero Vender');\n(0, _actionBase.verifyElementVisible)('[data-testid=\"signup-seller\"]');\n(0, _actionBase.verifyContainsText)('Cadastrar');\n(0, _actionBase.verifyElementVisible)('[data-testid=\"signup-btn\"]');",
              "err": {},
              "uuid": "d4638fbb-cb6f-47bc-981c-fe91e64df28c",
              "parentUUID": "f096b0c3-a1ef-497b-bda9-617076bf5690",
              "isHook": false,
              "skipped": false
            },
            {
              "title": "Será validado que não é possível fazer o registro com um nome com menos de 12 letras",
              "fullTitle": "Crie uma página de registro de usuários Será validado que não é possível fazer o registro com um nome com menos de 12 letras",
              "timedOut": null,
              "duration": 1306,
              "state": "passed",
              "speed": "slow",
              "pass": true,
              "fail": false,
              "pending": false,
              "context": null,
              "code": "(0, _actionBase.insertText)('[data-testid=\"signup-name\"]', 'bruno');\n(0, _actionBase.insertText)('[data-testid=\"signup-email\"]', 'email@gmail.com');\n(0, _actionBase.insertText)('[data-testid=\"signup-password\"]', '12345678');\n(0, _actionBase.verifyElementIsDisable)('[data-testid=\"signup-btn\"]');",
              "err": {},
              "uuid": "287e2909-7803-451b-8e4a-fdd4a7d97b22",
              "parentUUID": "f096b0c3-a1ef-497b-bda9-617076bf5690",
              "isHook": false,
              "skipped": false
            },
            {
              "title": "Será validado que não é possível fazer o registro com um nome com caracteres especiais",
              "fullTitle": "Crie uma página de registro de usuários Será validado que não é possível fazer o registro com um nome com caracteres especiais",
              "timedOut": null,
              "duration": 1363,
              "state": "passed",
              "speed": "slow",
              "pass": true,
              "fail": false,
              "pending": false,
              "context": null,
              "code": "(0, _actionBase.insertText)('[data-testid=\"signup-name\"]', 'brunobatista@@');\n(0, _actionBase.insertText)('[data-testid=\"signup-email\"]', 'email@gmail.com');\n(0, _actionBase.insertText)('[data-testid=\"signup-password\"]', '12345678');\n(0, _actionBase.verifyElementIsDisable)('[data-testid=\"signup-btn\"]');",
              "err": {},
              "uuid": "37ccd360-c1e5-4290-80f4-8eb654825f5e",
              "parentUUID": "f096b0c3-a1ef-497b-bda9-617076bf5690",
              "isHook": false,
              "skipped": false
            },
            {
              "title": "Será validado que não é possível fazer o registro com um nome com números",
              "fullTitle": "Crie uma página de registro de usuários Será validado que não é possível fazer o registro com um nome com números",
              "timedOut": null,
              "duration": 1377,
              "state": "passed",
              "speed": "slow",
              "pass": true,
              "fail": false,
              "pending": false,
              "context": null,
              "code": "(0, _actionBase.insertText)('[data-testid=\"signup-name\"]', 'brunobatista12');\n(0, _actionBase.insertText)('[data-testid=\"signup-email\"]', 'email@gmail.com');\n(0, _actionBase.insertText)('[data-testid=\"signup-password\"]', '12345678');\n(0, _actionBase.verifyElementIsDisable)('[data-testid=\"signup-btn\"]');",
              "err": {},
              "uuid": "c8f09039-a57f-4762-b32b-c2a2988e7ffd",
              "parentUUID": "f096b0c3-a1ef-497b-bda9-617076bf5690",
              "isHook": false,
              "skipped": false
            },
            {
              "title": "Será validado que não é possível fazer login com um email inválido",
              "fullTitle": "Crie uma página de registro de usuários Será validado que não é possível fazer login com um email inválido",
              "timedOut": null,
              "duration": 1161,
              "state": "passed",
              "speed": "slow",
              "pass": true,
              "fail": false,
              "pending": false,
              "context": null,
              "code": "(0, _actionBase.insertText)('[data-testid=\"signup-name\"]', 'brunobatistasilva');\n(0, _actionBase.insertText)('[data-testid=\"signup-email\"]', 'email@');\n(0, _actionBase.insertText)('[data-testid=\"signup-password\"]', '12345678');\n(0, _actionBase.verifyElementIsDisable)('[data-testid=\"signup-btn\"]');",
              "err": {},
              "uuid": "14007ea4-8d39-4bba-92bf-7609cab12a70",
              "parentUUID": "f096b0c3-a1ef-497b-bda9-617076bf5690",
              "isHook": false,
              "skipped": false
            },
            {
              "title": "Será validado que não é possível fazer login com um email já existente",
              "fullTitle": "Crie uma página de registro de usuários Será validado que não é possível fazer login com um email já existente",
              "timedOut": null,
              "duration": 1785,
              "state": "passed",
              "speed": "slow",
              "pass": true,
              "fail": false,
              "pending": false,
              "context": null,
              "code": "(0, _actionBase.insertText)('[data-testid=\"signup-name\"]', 'bruno silva batista');\n(0, _actionBase.insertText)('[data-testid=\"signup-email\"]', 'bruno.batista@gmail.com');\n(0, _actionBase.insertText)('[data-testid=\"signup-password\"]', '12345678');\n(0, _actionBase.clickButton)('[data-testid=\"signup-btn\"]');\n(0, _actionBase.verifyContainsText)('E-mail already in database.');",
              "err": {},
              "uuid": "9633e530-a550-41b0-9839-cfb17daeeb2c",
              "parentUUID": "f096b0c3-a1ef-497b-bda9-617076bf5690",
              "isHook": false,
              "skipped": false
            },
            {
              "title": "Será validado que não é possível fazer login com uma senha em branco",
              "fullTitle": "Crie uma página de registro de usuários Será validado que não é possível fazer login com uma senha em branco",
              "timedOut": null,
              "duration": 1203,
              "state": "passed",
              "speed": "slow",
              "pass": true,
              "fail": false,
              "pending": false,
              "context": null,
              "code": "(0, _actionBase.insertText)('[data-testid=\"signup-name\"]', 'brunobatistasilva');\n(0, _actionBase.insertText)('[data-testid=\"signup-email\"]', 'email@gmail.com');\n(0, _actionBase.insertText)('[data-testid=\"signup-password\"]', ' ');\n(0, _actionBase.verifyElementIsDisable)('[data-testid=\"signup-btn\"]');",
              "err": {},
              "uuid": "0f3225c4-defb-4106-ae39-74e75de75771",
              "parentUUID": "f096b0c3-a1ef-497b-bda9-617076bf5690",
              "isHook": false,
              "skipped": false
            },
            {
              "title": "Será validado que não é possível fazer login com uma senha com menos de 6 caracteres",
              "fullTitle": "Crie uma página de registro de usuários Será validado que não é possível fazer login com uma senha com menos de 6 caracteres",
              "timedOut": null,
              "duration": 1286,
              "state": "passed",
              "speed": "slow",
              "pass": true,
              "fail": false,
              "pending": false,
              "context": null,
              "code": "(0, _actionBase.insertText)('[data-testid=\"signup-name\"]', 'brunobatista@@');\n(0, _actionBase.insertText)('[data-testid=\"signup-email\"]', 'email@gmail.com');\n(0, _actionBase.insertText)('[data-testid=\"signup-password\"]', '1234');\n(0, _actionBase.verifyElementIsDisable)('[data-testid=\"signup-btn\"]');",
              "err": {},
              "uuid": "720dd9eb-b2f7-4a5d-a3aa-cbd3365266eb",
              "parentUUID": "f096b0c3-a1ef-497b-bda9-617076bf5690",
              "isHook": false,
              "skipped": false
            },
            {
              "title": "Será validado que é possível fazer cadastro de um admin com sucesso e ser redirecionado para tela do admin",
              "fullTitle": "Crie uma página de registro de usuários Será validado que é possível fazer cadastro de um admin com sucesso e ser redirecionado para tela do admin",
              "timedOut": null,
              "duration": 1765,
              "state": "passed",
              "speed": "slow",
              "pass": true,
              "fail": false,
              "pending": false,
              "context": null,
              "code": "var randomEmail = _faker.internet.email();\n(0, _actionBase.insertText)('[data-testid=\"signup-name\"]', 'brunobatistasilva');\n(0, _actionBase.insertText)('[data-testid=\"signup-email\"]', randomEmail);\n(0, _actionBase.insertText)('[data-testid=\"signup-password\"]', '123456');\n(0, _actionBase.checkElement)('[data-testid=\"signup-seller\"]');\n(0, _actionBase.clickButton)('[data-testid=\"signup-btn\"]');\n(0, _actionBase.verifyContainsUrl)(\"\".concat(Cypress.config().baseUrl, \"/admin/orders\"));",
              "err": {},
              "uuid": "8512fbe4-e055-463f-9cae-9488879bf638",
              "parentUUID": "f096b0c3-a1ef-497b-bda9-617076bf5690",
              "isHook": false,
              "skipped": false
            },
            {
              "title": "Será validado que é possível fazer cadastro de um cliente com sucesso e ser redirecionado para tela do cliente",
              "fullTitle": "Crie uma página de registro de usuários Será validado que é possível fazer cadastro de um cliente com sucesso e ser redirecionado para tela do cliente",
              "timedOut": null,
              "duration": 1618,
              "state": "passed",
              "speed": "slow",
              "pass": true,
              "fail": false,
              "pending": false,
              "context": null,
              "code": "var randomEmail = _faker.internet.email();\n(0, _actionBase.insertText)('[data-testid=\"signup-name\"]', 'brunobatistasilva');\n(0, _actionBase.insertText)('[data-testid=\"signup-email\"]', randomEmail);\n(0, _actionBase.insertText)('[data-testid=\"signup-password\"]', '123456');\n(0, _actionBase.clickButton)('[data-testid=\"signup-btn\"]');\n(0, _actionBase.verifyContainsUrl)(\"\".concat(Cypress.config().baseUrl, \"/products\"));",
              "err": {},
              "uuid": "dc5d481b-4fdb-4718-9dd5-36dbba65b87a",
              "parentUUID": "f096b0c3-a1ef-497b-bda9-617076bf5690",
              "isHook": false,
              "skipped": false
            }
          ],
          "suites": [],
          "passes": [
            "1a61c702-c43a-462f-97fc-dbc384b818c1",
            "d4638fbb-cb6f-47bc-981c-fe91e64df28c",
            "287e2909-7803-451b-8e4a-fdd4a7d97b22",
            "37ccd360-c1e5-4290-80f4-8eb654825f5e",
            "c8f09039-a57f-4762-b32b-c2a2988e7ffd",
            "14007ea4-8d39-4bba-92bf-7609cab12a70",
            "9633e530-a550-41b0-9839-cfb17daeeb2c",
            "0f3225c4-defb-4106-ae39-74e75de75771",
            "720dd9eb-b2f7-4a5d-a3aa-cbd3365266eb",
            "8512fbe4-e055-463f-9cae-9488879bf638",
            "dc5d481b-4fdb-4718-9dd5-36dbba65b87a"
          ],
          "failures": [],
          "pending": [],
          "skipped": [],
          "duration": 14254,
          "root": false,
          "rootEmpty": false,
          "_timeout": 2000
        }
      ],
      "passes": [],
      "failures": [],
      "pending": [],
      "skipped": [],
      "duration": 0,
      "root": true,
      "rootEmpty": true,
      "_timeout": 2000
    }
  ],
  "meta": {
    "mocha": {
      "version": "7.0.1"
    },
    "mochawesome": {
      "options": {
        "quiet": false,
        "reportFilename": "mochawesome",
        "saveHtml": false,
        "saveJson": true,
        "consoleReporter": "spec",
        "useInlineDiffs": false
      },
      "version": "4.1.0"
    },
    "marge": {
      "options": {
        "id": "default",
        "reportDir": "cypress/reports",
        "overwrite": false,
        "html": false,
        "json": true
      },
      "version": "4.1.0"
    }
  }
}