{
  "stats": {
    "suites": 1,
    "tests": 2,
    "passes": 0,
    "pending": 0,
    "failures": 2,
    "start": "2020-11-02T05:09:49.720Z",
    "end": "2020-11-02T05:10:28.853Z",
    "duration": 39133,
    "testsRegistered": 2,
    "passPercent": 0,
    "pendingPercent": 0,
    "other": 0,
    "hasOther": false,
    "skipped": 0,
    "hasSkipped": false
  },
  "results": [
    {
      "uuid": "62a87c72-eac3-45b5-a2b7-139422741211",
      "title": "",
      "fullFile": "cypress/integration/testCoverage.spec.js",
      "file": "cypress/integration/testCoverage.spec.js",
      "beforeHooks": [],
      "afterHooks": [],
      "tests": [],
      "suites": [
        {
          "uuid": "89093769-6a05-4a63-b5c5-5a34b25df8cc",
          "title": "A cobertura de testes unitários deve ser de no mínimo 90%",
          "fullFile": "",
          "file": "",
          "beforeHooks": [],
          "afterHooks": [],
          "tests": [
            {
              "title": "Será validado a cobertura de testes unitários do front-end",
              "fullTitle": "A cobertura de testes unitários deve ser de no mínimo 90% Será validado a cobertura de testes unitários do front-end",
              "timedOut": null,
              "duration": 24145,
              "state": "failed",
              "speed": null,
              "pass": false,
              "fail": true,
              "pending": false,
              "context": null,
              "code": "cy.exec('npm --prefix front-end/ run test-coverage -- --coverageReporters=\"json-summary\" --testFailureExitCode=0');\ncy.readFile('front-end/coverage/coverage-summary.json').its('total.lines.pct').should('be.gte', 90.00);",
              "err": {
                "message": "AssertionError: Timed out retrying: expected 27.24 to be at least 90",
                "estack": "AssertionError: Timed out retrying: expected 27.24 to be at least 90\n    at Context.eval (http://localhost:3000/__cypress/tests?p=cypress/integration/testCoverage.spec.js:102:84)",
                "diff": "- 27.24\n+ 90\n"
              },
              "uuid": "6f00aef0-e0e4-4cbc-b846-0a8b0012f4b5",
              "parentUUID": "89093769-6a05-4a63-b5c5-5a34b25df8cc",
              "isHook": false,
              "skipped": false
            },
            {
              "title": "Será validado a cobertura de testes unitários do back-end",
              "fullTitle": "A cobertura de testes unitários deve ser de no mínimo 90% Será validado a cobertura de testes unitários do back-end",
              "timedOut": null,
              "duration": 14885,
              "state": "failed",
              "speed": null,
              "pass": false,
              "fail": true,
              "pending": false,
              "context": null,
              "code": "cy.exec('npm --prefix back-end/ run test-coverage -- --coverageReporters=\"json-summary\" --testFailureExitCode=0 ');\ncy.readFile('back-end/coverage/coverage-summary.json').its('total.lines.pct').should('be.gte', 90.00);",
              "err": {
                "message": "AssertionError: Timed out retrying: expected 'Unknown' to be a number or a date",
                "estack": "AssertionError: Timed out retrying: expected 'Unknown' to be a number or a date\n    at Context.eval (http://localhost:3000/__cypress/tests?p=cypress/integration/testCoverage.spec.js:106:83)",
                "diff": null
              },
              "uuid": "1c0dec4b-e5d9-4dec-9396-2a5bd244992c",
              "parentUUID": "89093769-6a05-4a63-b5c5-5a34b25df8cc",
              "isHook": false,
              "skipped": false
            }
          ],
          "suites": [],
          "passes": [],
          "failures": [
            "6f00aef0-e0e4-4cbc-b846-0a8b0012f4b5",
            "1c0dec4b-e5d9-4dec-9396-2a5bd244992c"
          ],
          "pending": [],
          "skipped": [],
          "duration": 39030,
          "root": false,
          "rootEmpty": false,
          "_timeout": 2000
        }
      ],
      "passes": [],
      "failures": [],
      "pending": [],
      "skipped": [],
      "duration": 0,
      "root": true,
      "rootEmpty": true,
      "_timeout": 2000
    }
  ],
  "meta": {
    "mocha": {
      "version": "7.0.1"
    },
    "mochawesome": {
      "options": {
        "quiet": false,
        "reportFilename": "mochawesome",
        "saveHtml": false,
        "saveJson": true,
        "consoleReporter": "spec",
        "useInlineDiffs": false
      },
      "version": "4.1.0"
    },
    "marge": {
      "options": {
        "id": "default",
        "reportDir": "cypress/reports",
        "overwrite": false,
        "html": false,
        "json": true
      },
      "version": "4.1.0"
    }
  }
}