{
  "stats": {
    "suites": 1,
    "tests": 12,
    "passes": 12,
    "pending": 0,
    "failures": 0,
    "start": "2020-11-02T05:08:46.177Z",
    "end": "2020-11-02T05:09:01.731Z",
    "duration": 15554,
    "testsRegistered": 12,
    "passPercent": 100,
    "pendingPercent": 0,
    "other": 0,
    "hasOther": false,
    "skipped": 0,
    "hasSkipped": false
  },
  "results": [
    {
      "uuid": "add0d6ae-a874-4003-be3c-82ec3e0bacee",
      "title": "",
      "fullFile": "cypress/integration/products.spec.js",
      "file": "cypress/integration/products.spec.js",
      "beforeHooks": [],
      "afterHooks": [],
      "tests": [],
      "suites": [
        {
          "uuid": "b1b7ffad-7d81-443c-bc28-b9f3f7d11bd8",
          "title": "Criar tela de produtos",
          "fullFile": "",
          "file": "",
          "beforeHooks": [],
          "afterHooks": [],
          "tests": [
            {
              "title": "Será validado que existe um produto na tela de produtos",
              "fullTitle": "Criar tela de produtos Será validado que existe um produto na tela de produtos",
              "timedOut": null,
              "duration": 2145,
              "state": "passed",
              "speed": "slow",
              "pass": true,
              "fail": false,
              "pending": false,
              "context": null,
              "code": "(0, _actionBase.login)(Cypress.env('login'), Cypress.env('password'));\n(0, _actionBase.verifyElementVisible)('[data-testid=\"0-product-price\"]');\n(0, _actionBase.verifyElementContainsText)('[data-testid=\"0-product-price\"]', 'R$ 2,20');\n(0, _actionBase.verifyElementVisible)('[data-testid=\"0-product-img\"]');\n(0, _actionBase.verifyElementVisible)('[data-testid=\"0-product-name\"]');\n(0, _actionBase.verifyElementContainsText)('[data-testid=\"0-product-name\"]', 'Skol Lata 250ml');\n(0, _actionBase.verifyElementVisible)('[data-testid=\"0-product-minus\"]');\n(0, _actionBase.verifyElementVisible)('[data-testid=\"0-product-qtd\"]');\n(0, _actionBase.verifyElementContainsText)('[data-testid=\"0-product-qtd\"]', '0');\n(0, _actionBase.verifyElementVisible)('[data-testid=\"0-product-plus\"]');",
              "err": {},
              "uuid": "b4c7effc-ea06-48b3-9f40-bec236d9284a",
              "parentUUID": "b1b7ffad-7d81-443c-bc28-b9f3f7d11bd8",
              "isHook": false,
              "skipped": false
            },
            {
              "title": "Será validado que existe todos os produtos na tela de produtos",
              "fullTitle": "Criar tela de produtos Será validado que existe todos os produtos na tela de produtos",
              "timedOut": null,
              "duration": 1477,
              "state": "passed",
              "speed": "slow",
              "pass": true,
              "fail": false,
              "pending": false,
              "context": null,
              "code": "var nomeProdutos = ['Skol Lata 250ml', 'Heineken 600ml', 'Antarctica Pilsen 300ml', 'Brahma 600ml', 'Skol 269ml', 'Skol Beats Senses 313ml', 'Becks 330ml', 'Brahma Duplo Malte 350ml', 'Becks 600ml', 'Skol Beats Senses 269ml', 'Stella Artois 275ml'];\nvar valorProdutos = ['R$ 2,20', 'R$ 7,50', 'R$ 2,49', '7,50', '2,19', 'R$ 4,49', '4,99', 'R$ 2,79', '8,89', '3,57', '3,49'];\n(0, _actionBase.login)(Cypress.env('login'), Cypress.env('password'));\nfor (var i = 0; i < 11; i++) {\n  cy.get(\"[data-testid=\\\"\".concat(i, \"-product-price\\\"]\")).contains(valorProdutos[i]);\n  (0, _actionBase.verifyElementVisible)(\"[data-testid=\\\"\".concat(i, \"-product-img\\\"]\"));\n  cy.get(\"[data-testid=\\\"\".concat(i, \"-product-name\\\"]\")).should('have.text', nomeProdutos[i]);\n  (0, _actionBase.verifyElementVisible)(\"[data-testid=\\\"\".concat(i, \"-product-minus\\\"]\"));\n  cy.get(\"[data-testid=\\\"\".concat(i, \"-product-qtd\\\"]\")).should('have.text', '0');\n  (0, _actionBase.verifyElementVisible)(\"[data-testid=\\\"\".concat(i, \"-product-plus\\\"]\"));\n}",
              "err": {},
              "uuid": "ffc382ee-5693-4ce5-89de-09bce2528d2a",
              "parentUUID": "b1b7ffad-7d81-443c-bc28-b9f3f7d11bd8",
              "isHook": false,
              "skipped": false
            },
            {
              "title": "Será validado que é possíve clicar no botão \"+\" e atualizar o produto para 1",
              "fullTitle": "Criar tela de produtos Será validado que é possíve clicar no botão \"+\" e atualizar o produto para 1",
              "timedOut": null,
              "duration": 1185,
              "state": "passed",
              "speed": "slow",
              "pass": true,
              "fail": false,
              "pending": false,
              "context": null,
              "code": "(0, _actionBase.login)(Cypress.env('login'), Cypress.env('password'));\n(0, _actionBase.clickButton)('[data-testid=\"0-product-plus\"]');\n(0, _actionBase.verifyElementContainsText)('[data-testid=\"0-product-qtd\"]', '1');",
              "err": {},
              "uuid": "766af27b-3522-435e-97da-d30cff1ab4b5",
              "parentUUID": "b1b7ffad-7d81-443c-bc28-b9f3f7d11bd8",
              "isHook": false,
              "skipped": false
            },
            {
              "title": "Será validado que é possível clicar no botão \"-\" e atualizar o produto para 0",
              "fullTitle": "Criar tela de produtos Será validado que é possível clicar no botão \"-\" e atualizar o produto para 0",
              "timedOut": null,
              "duration": 1360,
              "state": "passed",
              "speed": "slow",
              "pass": true,
              "fail": false,
              "pending": false,
              "context": null,
              "code": "(0, _actionBase.login)(Cypress.env('login'), Cypress.env('password'));\n(0, _actionBase.clickButton)('[data-testid=\"0-product-plus\"]');\n(0, _actionBase.verifyElementContainsText)('[data-testid=\"0-product-qtd\"]', '1');\n(0, _actionBase.clickButton)('[data-testid=\"0-product-minus\"]');\n(0, _actionBase.verifyElementContainsText)('[data-testid=\"0-product-qtd\"]', '0');",
              "err": {},
              "uuid": "07689f2c-c86a-4d25-be15-4561acf48161",
              "parentUUID": "b1b7ffad-7d81-443c-bc28-b9f3f7d11bd8",
              "isHook": false,
              "skipped": false
            },
            {
              "title": "Será validado que não é possível clicar no botão \"-\" e atualizar o produto para menor que zero",
              "fullTitle": "Criar tela de produtos Será validado que não é possível clicar no botão \"-\" e atualizar o produto para menor que zero",
              "timedOut": null,
              "duration": 1465,
              "state": "passed",
              "speed": "slow",
              "pass": true,
              "fail": false,
              "pending": false,
              "context": null,
              "code": "(0, _actionBase.login)(Cypress.env('login'), Cypress.env('password'));\n(0, _actionBase.clickButton)('[data-testid=\"0-product-plus\"]');\n(0, _actionBase.clickButton)('[data-testid=\"0-product-minus\"]');\n(0, _actionBase.clickButton)('[data-testid=\"0-product-minus\"]');\n(0, _actionBase.verifyElementContainsText)('[data-testid=\"0-product-qtd\"]', '0');",
              "err": {},
              "uuid": "2bf55fad-2e0e-4ee4-ade2-b2f4e69ab40e",
              "parentUUID": "b1b7ffad-7d81-443c-bc28-b9f3f7d11bd8",
              "isHook": false,
              "skipped": false
            },
            {
              "title": "Será validado que é possível visualizar o botão \"Ver Carrinho\"",
              "fullTitle": "Criar tela de produtos Será validado que é possível visualizar o botão \"Ver Carrinho\"",
              "timedOut": null,
              "duration": 1039,
              "state": "passed",
              "speed": "slow",
              "pass": true,
              "fail": false,
              "pending": false,
              "context": null,
              "code": "(0, _actionBase.login)(Cypress.env('login'), Cypress.env('password'));\n(0, _actionBase.verifyElementVisible)('[data-testid=\"checkout-bottom-btn\"]');\n(0, _actionBase.verifyElementContainsText)('[data-testid=\"checkout-bottom-btn\"]', 'Ver Carrinho');\n(0, _actionBase.verifyElementContainsText)('[data-testid=\"checkout-bottom-btn-value\"]', 'R$ 0,00');",
              "err": {},
              "uuid": "ab4c6256-e0a0-48a4-b467-2efb980b980f",
              "parentUUID": "b1b7ffad-7d81-443c-bc28-b9f3f7d11bd8",
              "isHook": false,
              "skipped": false
            },
            {
              "title": "Será validado que é possível atualizar o valor do carrinho ao adicionar um produto",
              "fullTitle": "Criar tela de produtos Será validado que é possível atualizar o valor do carrinho ao adicionar um produto",
              "timedOut": null,
              "duration": 1157,
              "state": "passed",
              "speed": "slow",
              "pass": true,
              "fail": false,
              "pending": false,
              "context": null,
              "code": "(0, _actionBase.login)(Cypress.env('login'), Cypress.env('password'));\n(0, _actionBase.clickButton)('[data-testid=\"0-product-plus\"]');\n(0, _actionBase.verifyElementContainsText)('[data-testid=\"0-product-qtd\"]', '1');\n(0, _actionBase.verifyElementContainsText)('[data-testid=\"checkout-bottom-btn\"]', 'Ver Carrinho');\n(0, _actionBase.verifyElementContainsText)('[data-testid=\"checkout-bottom-btn-value\"]', 'R$ 2,20');",
              "err": {},
              "uuid": "933095ef-ad8a-400e-9b9f-b0f03c49ca1e",
              "parentUUID": "b1b7ffad-7d81-443c-bc28-b9f3f7d11bd8",
              "isHook": false,
              "skipped": false
            },
            {
              "title": "Será validado que é possível atualizar o valor do carrinho ao remover um produto",
              "fullTitle": "Criar tela de produtos Será validado que é possível atualizar o valor do carrinho ao remover um produto",
              "timedOut": null,
              "duration": 1280,
              "state": "passed",
              "speed": "slow",
              "pass": true,
              "fail": false,
              "pending": false,
              "context": null,
              "code": "(0, _actionBase.login)(Cypress.env('login'), Cypress.env('password'));\n(0, _actionBase.clickButton)('[data-testid=\"0-product-plus\"]');\n(0, _actionBase.verifyElementContainsText)('[data-testid=\"0-product-qtd\"]', '1');\n(0, _actionBase.clickButton)('[data-testid=\"0-product-minus\"]');\n(0, _actionBase.verifyElementContainsText)('[data-testid=\"0-product-qtd\"]', '0');\n(0, _actionBase.verifyElementContainsText)('[data-testid=\"checkout-bottom-btn\"]', 'Ver Carrinho');\n(0, _actionBase.verifyElementContainsText)('[data-testid=\"checkout-bottom-btn-value\"]', 'R$ 0,00');",
              "err": {},
              "uuid": "321e8c04-29d3-4f10-97ad-90ca9ab5f646",
              "parentUUID": "b1b7ffad-7d81-443c-bc28-b9f3f7d11bd8",
              "isHook": false,
              "skipped": false
            },
            {
              "title": "Será validado que ao atualizar a tela continuará na tela de produtos e carrinho com o mesmo valor",
              "fullTitle": "Criar tela de produtos Será validado que ao atualizar a tela continuará na tela de produtos e carrinho com o mesmo valor",
              "timedOut": null,
              "duration": 1342,
              "state": "passed",
              "speed": "slow",
              "pass": true,
              "fail": false,
              "pending": false,
              "context": null,
              "code": "(0, _actionBase.login)(Cypress.env('login'), Cypress.env('password'));\n(0, _actionBase.clickButton)('[data-testid=\"0-product-plus\"]');\ncy.reload();\n(0, _actionBase.verifyElementContainsText)('[data-testid=\"top-title\"]', 'TryBeer');\n(0, _actionBase.verifyElementContainsText)('[data-testid=\"0-product-price\"]', 'R$ 2,20');\n(0, _actionBase.verifyElementContainsText)('[data-testid=\"0-product-name\"]', 'Skol Lata 250ml');\n(0, _actionBase.verifyElementContainsText)('[data-testid=\"checkout-bottom-btn-value\"]', 'R$ 2,20');",
              "err": {},
              "uuid": "2c4255bd-180d-4143-b35b-67fb7c11fdcc",
              "parentUUID": "b1b7ffad-7d81-443c-bc28-b9f3f7d11bd8",
              "isHook": false,
              "skipped": false
            },
            {
              "title": "Será validado que é possível adicionar um produto e clicar no botão \"Ver Carrinho\" e ser redirecionado para tela de carrinho",
              "fullTitle": "Criar tela de produtos Será validado que é possível adicionar um produto e clicar no botão \"Ver Carrinho\" e ser redirecionado para tela de carrinho",
              "timedOut": null,
              "duration": 1319,
              "state": "passed",
              "speed": "slow",
              "pass": true,
              "fail": false,
              "pending": false,
              "context": null,
              "code": "(0, _actionBase.login)(Cypress.env('login'), Cypress.env('password'));\ncy.visit(\"\".concat(Cypress.config().baseUrl, \"/products\"));\n(0, _actionBase.clickButton)('[data-testid=\"0-product-plus\"]');\n(0, _actionBase.verifyElementContainsText)('[data-testid=\"0-product-qtd\"]', '1');\n(0, _actionBase.clickButton)('[data-testid=\"checkout-bottom-btn\"]');\n(0, _actionBase.verifyContainsUrl)(\"\".concat(Cypress.config().baseUrl, \"/checkout\"));",
              "err": {},
              "uuid": "8156fbca-4e83-418c-bde2-3ab51448ac72",
              "parentUUID": "b1b7ffad-7d81-443c-bc28-b9f3f7d11bd8",
              "isHook": false,
              "skipped": false
            },
            {
              "title": "Será validado que o botão \"Ver Carrinho\" fique desabilitado caso não adicione nenhum produto",
              "fullTitle": "Criar tela de produtos Será validado que o botão \"Ver Carrinho\" fique desabilitado caso não adicione nenhum produto",
              "timedOut": null,
              "duration": 1294,
              "state": "passed",
              "speed": "slow",
              "pass": true,
              "fail": false,
              "pending": false,
              "context": null,
              "code": "(0, _actionBase.login)(Cypress.env('login'), Cypress.env('password'));\ncy.visit(\"\".concat(Cypress.config().baseUrl, \"/products\"));\n(0, _actionBase.verifyElementIsDisable)('[data-testid=\"checkout-bottom-btn\"]');",
              "err": {},
              "uuid": "e00ca87d-bdbd-45a4-9009-1598fa095221",
              "parentUUID": "b1b7ffad-7d81-443c-bc28-b9f3f7d11bd8",
              "isHook": false,
              "skipped": false
            },
            {
              "title": "Será validado que não é possível acessar a tela de produtos sem estar logado e será redirecionado para tela de login",
              "fullTitle": "Criar tela de produtos Será validado que não é possível acessar a tela de produtos sem estar logado e será redirecionado para tela de login",
              "timedOut": null,
              "duration": 189,
              "state": "passed",
              "speed": "slow",
              "pass": true,
              "fail": false,
              "pending": false,
              "context": null,
              "code": "cy.visit(\"\".concat(Cypress.config().baseUrl, \"/products\"));\n(0, _actionBase.verifyContainsUrl)(\"\".concat(Cypress.config().baseUrl, \"/login\"));",
              "err": {},
              "uuid": "263c7fdb-dd10-455a-9802-4eb3e47d0dd2",
              "parentUUID": "b1b7ffad-7d81-443c-bc28-b9f3f7d11bd8",
              "isHook": false,
              "skipped": false
            }
          ],
          "suites": [],
          "passes": [
            "b4c7effc-ea06-48b3-9f40-bec236d9284a",
            "ffc382ee-5693-4ce5-89de-09bce2528d2a",
            "766af27b-3522-435e-97da-d30cff1ab4b5",
            "07689f2c-c86a-4d25-be15-4561acf48161",
            "2bf55fad-2e0e-4ee4-ade2-b2f4e69ab40e",
            "ab4c6256-e0a0-48a4-b467-2efb980b980f",
            "933095ef-ad8a-400e-9b9f-b0f03c49ca1e",
            "321e8c04-29d3-4f10-97ad-90ca9ab5f646",
            "2c4255bd-180d-4143-b35b-67fb7c11fdcc",
            "8156fbca-4e83-418c-bde2-3ab51448ac72",
            "e00ca87d-bdbd-45a4-9009-1598fa095221",
            "263c7fdb-dd10-455a-9802-4eb3e47d0dd2"
          ],
          "failures": [],
          "pending": [],
          "skipped": [],
          "duration": 15252,
          "root": false,
          "rootEmpty": false,
          "_timeout": 2000
        }
      ],
      "passes": [],
      "failures": [],
      "pending": [],
      "skipped": [],
      "duration": 0,
      "root": true,
      "rootEmpty": true,
      "_timeout": 2000
    }
  ],
  "meta": {
    "mocha": {
      "version": "7.0.1"
    },
    "mochawesome": {
      "options": {
        "quiet": false,
        "reportFilename": "mochawesome",
        "saveHtml": false,
        "saveJson": true,
        "consoleReporter": "spec",
        "useInlineDiffs": false
      },
      "version": "4.1.0"
    },
    "marge": {
      "options": {
        "id": "default",
        "reportDir": "cypress/reports",
        "overwrite": false,
        "html": false,
        "json": true
      },
      "version": "4.1.0"
    }
  }
}