{
  "stats": {
    "suites": 1,
    "tests": 5,
    "passes": 3,
    "pending": 0,
    "failures": 2,
    "start": "2020-11-02T05:06:56.122Z",
    "end": "2020-11-02T05:07:32.862Z",
    "duration": 36740,
    "testsRegistered": 5,
    "passPercent": 60,
    "pendingPercent": 0,
    "other": 0,
    "hasOther": false,
    "skipped": 0,
    "hasSkipped": false
  },
  "results": [
    {
      "uuid": "d6254033-c029-40d1-8858-58518eb937ec",
      "title": "",
      "fullFile": "cypress/integration/ordersClient.spec.js",
      "file": "cypress/integration/ordersClient.spec.js",
      "beforeHooks": [],
      "afterHooks": [],
      "tests": [],
      "suites": [
        {
          "uuid": "b926470f-5a90-418f-9765-c2c8b660bd2e",
          "title": "Criar tela de meus pedidos",
          "fullFile": "",
          "file": "",
          "beforeHooks": [],
          "afterHooks": [],
          "tests": [
            {
              "title": "Será validado que é possível acessar a tela de meus pedidos",
              "fullTitle": "Criar tela de meus pedidos Será validado que é possível acessar a tela de meus pedidos",
              "timedOut": null,
              "duration": 4792,
              "state": "passed",
              "speed": "slow",
              "pass": true,
              "fail": false,
              "pending": false,
              "context": null,
              "code": "(0, _actionBase.login)(Cypress.env('login'), Cypress.env('password'));\n(0, _actionBase.buyOneProduct)();\n(0, _actionBase.accessOrdersClient)();\n(0, _actionBase.verifyContainsUrl)(\"\".concat(Cypress.config().baseUrl, \"/orders\"));",
              "err": {},
              "uuid": "03af12cd-a561-4601-a496-9a96ab17ab03",
              "parentUUID": "b926470f-5a90-418f-9765-c2c8b660bd2e",
              "isHook": false,
              "skipped": false
            },
            {
              "title": "Será validado que contém os atributos descritos no protótipo",
              "fullTitle": "Criar tela de meus pedidos Será validado que contém os atributos descritos no protótipo",
              "timedOut": null,
              "duration": 3595,
              "state": "passed",
              "speed": "slow",
              "pass": true,
              "fail": false,
              "pending": false,
              "context": null,
              "code": "(0, _actionBase.login)(Cypress.env('login'), Cypress.env('password'));\n(0, _actionBase.buyOneProduct)();\n(0, _actionBase.accessOrdersClient)();\n(0, _actionBase.verifyElementVisible)('[data-testid=\"top-title\"]');\n(0, _actionBase.verifyElementVisible)('[data-testid=\"0-order-number\"]');\n(0, _actionBase.verifyElementVisible)('[data-testid=\"0-order-date\"]');\n(0, _actionBase.verifyElementVisible)('[data-testid=\"0-order-total-value\"]');",
              "err": {},
              "uuid": "ffdf4909-4430-44cb-bf39-12dd02992e99",
              "parentUUID": "b926470f-5a90-418f-9765-c2c8b660bd2e",
              "isHook": false,
              "skipped": false
            },
            {
              "title": "Será validado que é possível ver que o produto tem quantidade, nome, valor total e a data da compra",
              "fullTitle": "Criar tela de meus pedidos Será validado que é possível ver que o produto tem quantidade, nome, valor total e a data da compra",
              "timedOut": null,
              "duration": 13501,
              "state": "failed",
              "speed": null,
              "pass": false,
              "fail": true,
              "pending": false,
              "context": null,
              "code": "var date = (0, _actionBase.getDateAndMonth)();\n(0, _actionBase.login)(Cypress.env('login'), Cypress.env('password'));\n(0, _actionBase.buyOneProduct)();\n(0, _actionBase.accessOrdersClient)();\n(0, _actionBase.verifyElementVisible)('[data-testid=\"top-title\"]');\n(0, _actionBase.verifyElementContainsText)('[data-testid=\"top-title\"]', 'Meus Pedidos');\n(0, _actionBase.verifyElementContainsText)('[data-testid=\"0-order-number\"]', 'Pedido 1');\n(0, _actionBase.verifyElementContainsText)('[data-testid=\"0-order-date\"]', date);\n(0, _actionBase.verifyElementContainsText)('[data-testid=\"0-order-total-value\"]', 'R$ 2,20');",
              "err": {
                "message": "AssertionError: Timed out retrying: Expected to find content: 'R$ 2,20' within the element: <p> but never did.",
                "estack": "AssertionError: Timed out retrying: Expected to find content: 'R$ 2,20' within the element: <p> but never did.\n    at verifyElementContainsText (http://localhost:3000/__cypress/tests?p=cypress/integration/ordersClient.spec.js:143:19)\n    at Context.eval (http://localhost:3000/__cypress/tests?p=cypress/integration/ordersClient.spec.js:371:47)",
                "diff": null
              },
              "uuid": "eb82a237-4f98-40b2-91d0-42094f05bc07",
              "parentUUID": "b926470f-5a90-418f-9765-c2c8b660bd2e",
              "isHook": false,
              "skipped": false
            },
            {
              "title": "Será validado que é possível clicar no card e ser redirecionado para tela do detalhe do produto",
              "fullTitle": "Criar tela de meus pedidos Será validado que é possível clicar no card e ser redirecionado para tela do detalhe do produto",
              "timedOut": null,
              "duration": 3924,
              "state": "passed",
              "speed": "slow",
              "pass": true,
              "fail": false,
              "pending": false,
              "context": null,
              "code": "(0, _actionBase.login)(Cypress.env('login'), Cypress.env('password'));\n(0, _actionBase.buyOneProduct)();\n(0, _actionBase.accessOrdersClient)();\n(0, _actionBase.clickButton)('[data-testid=\"0-order-number\"]');\n(0, _actionBase.verifyContainsUrl)(\"\".concat(Cypress.config().baseUrl, \"/orders/1\"));",
              "err": {},
              "uuid": "d5f37f75-9af8-4708-8f3f-a4b3d8676660",
              "parentUUID": "b926470f-5a90-418f-9765-c2c8b660bd2e",
              "isHook": false,
              "skipped": false
            },
            {
              "title": "Será validado que não é possível acessar a tela de meus pedidos sem estar logado e será redirecionado para tela de login",
              "fullTitle": "Criar tela de meus pedidos Será validado que não é possível acessar a tela de meus pedidos sem estar logado e será redirecionado para tela de login",
              "timedOut": null,
              "duration": 10320,
              "state": "failed",
              "speed": null,
              "pass": false,
              "fail": true,
              "pending": false,
              "context": null,
              "code": "cy.visit(\"\".concat(Cypress.config().baseUrl, \"/orders\"));\n(0, _actionBase.verifyContainsUrl)(\"\".concat(Cypress.config().baseUrl, \"/login\"));",
              "err": {
                "message": "AssertionError: Timed out retrying: expected 'http://localhost:3000/orders' to include 'http://localhost:3000/login'",
                "estack": "AssertionError: Timed out retrying: expected 'http://localhost:3000/orders' to include 'http://localhost:3000/login'\n    at verifyContainsUrl (http://localhost:3000/__cypress/tests?p=cypress/integration/ordersClient.spec.js:187:12)\n    at Context.eval (http://localhost:3000/__cypress/tests?p=cypress/integration/ordersClient.spec.js:382:39)",
                "diff": null
              },
              "uuid": "26519d30-fd79-4030-ba27-f2f2d5fcf743",
              "parentUUID": "b926470f-5a90-418f-9765-c2c8b660bd2e",
              "isHook": false,
              "skipped": false
            }
          ],
          "suites": [],
          "passes": [
            "03af12cd-a561-4601-a496-9a96ab17ab03",
            "ffdf4909-4430-44cb-bf39-12dd02992e99",
            "d5f37f75-9af8-4708-8f3f-a4b3d8676660"
          ],
          "failures": [
            "eb82a237-4f98-40b2-91d0-42094f05bc07",
            "26519d30-fd79-4030-ba27-f2f2d5fcf743"
          ],
          "pending": [],
          "skipped": [],
          "duration": 36132,
          "root": false,
          "rootEmpty": false,
          "_timeout": 2000
        }
      ],
      "passes": [],
      "failures": [],
      "pending": [],
      "skipped": [],
      "duration": 0,
      "root": true,
      "rootEmpty": true,
      "_timeout": 2000
    }
  ],
  "meta": {
    "mocha": {
      "version": "7.0.1"
    },
    "mochawesome": {
      "options": {
        "quiet": false,
        "reportFilename": "mochawesome",
        "saveHtml": false,
        "saveJson": true,
        "consoleReporter": "spec",
        "useInlineDiffs": false
      },
      "version": "4.1.0"
    },
    "marge": {
      "options": {
        "id": "default",
        "reportDir": "cypress/reports",
        "overwrite": false,
        "html": false,
        "json": true
      },
      "version": "4.1.0"
    }
  }
}