{
  "stats": {
    "suites": 1,
    "tests": 4,
    "passes": 4,
    "pending": 0,
    "failures": 0,
    "start": "2020-11-02T05:06:28.046Z",
    "end": "2020-11-02T05:06:54.025Z",
    "duration": 25979,
    "testsRegistered": 4,
    "passPercent": 100,
    "pendingPercent": 0,
    "other": 0,
    "hasOther": false,
    "skipped": 0,
    "hasSkipped": false
  },
  "results": [
    {
      "uuid": "9f4f335f-8c5c-433c-b243-3cfca88f69cf",
      "title": "",
      "fullFile": "cypress/integration/ordersAdmin.spec.js",
      "file": "cypress/integration/ordersAdmin.spec.js",
      "beforeHooks": [],
      "afterHooks": [],
      "tests": [],
      "suites": [
        {
          "uuid": "af2e84e3-b3eb-40fa-bcef-37ed3956a1e3",
          "title": "Criar tela de pedidos de admin",
          "fullFile": "",
          "file": "",
          "beforeHooks": [],
          "afterHooks": [],
          "tests": [
            {
              "title": "Será validado que é possível acessar a tela do pedidos do administrador",
              "fullTitle": "Criar tela de pedidos de admin Será validado que é possível acessar a tela do pedidos do administrador",
              "timedOut": null,
              "duration": 6722,
              "state": "passed",
              "speed": "slow",
              "pass": true,
              "fail": false,
              "pending": false,
              "context": null,
              "code": "(0, _actionBase.loginClientAndBuyProduct)();\n(0, _actionBase.logout)();\n(0, _actionBase.login)(Cypress.env('loginAdmin'), Cypress.env('passwordAdmin'));\n(0, _actionBase.clickButton)('[data-testid=\"side-menu-item-orders\"]');\n(0, _actionBase.verifyContainsUrl)(\"\".concat(Cypress.config().baseUrl, \"/admin/orders\"));",
              "err": {},
              "uuid": "755962d5-458c-437e-8791-8877b7763178",
              "parentUUID": "af2e84e3-b3eb-40fa-bcef-37ed3956a1e3",
              "isHook": false,
              "skipped": false
            },
            {
              "title": "Será validado que a tela de pedidos contém os atributos descritos no protótipo",
              "fullTitle": "Criar tela de pedidos de admin Será validado que a tela de pedidos contém os atributos descritos no protótipo",
              "timedOut": null,
              "duration": 5615,
              "state": "passed",
              "speed": "slow",
              "pass": true,
              "fail": false,
              "pending": false,
              "context": null,
              "code": "(0, _actionBase.loginClientAndBuyProduct)();\n(0, _actionBase.logout)();\n(0, _actionBase.login)(Cypress.env('loginAdmin'), Cypress.env('passwordAdmin'));\n(0, _actionBase.verifyElementVisible)('[data-testid=\"0-order-number\"]');\n(0, _actionBase.verifyElementVisible)('[data-testid=\"0-order-address\"]');\n(0, _actionBase.verifyElementVisible)('[data-testid=\"0-order-total-value\"]');\n(0, _actionBase.verifyElementVisible)('[data-testid=\"0-order-status\"]');",
              "err": {},
              "uuid": "6faa7c72-77d1-408d-911d-cd569ccfe89b",
              "parentUUID": "af2e84e3-b3eb-40fa-bcef-37ed3956a1e3",
              "isHook": false,
              "skipped": false
            },
            {
              "title": "Será validado que os dados do card estão corretos",
              "fullTitle": "Criar tela de pedidos de admin Será validado que os dados do card estão corretos",
              "timedOut": null,
              "duration": 5452,
              "state": "passed",
              "speed": "slow",
              "pass": true,
              "fail": false,
              "pending": false,
              "context": null,
              "code": "(0, _actionBase.loginClientAndBuyProduct)();\n(0, _actionBase.logout)();\n(0, _actionBase.login)(Cypress.env('loginAdmin'), Cypress.env('passwordAdmin'));\n(0, _actionBase.clickButton)('[data-testid=\"side-menu-item-orders\"]');\n(0, _actionBase.verifyElementContainsText)('[data-testid=\"0-order-number\"]', 'Pedido 1');\n(0, _actionBase.verifyElementContainsText)('[data-testid=\"0-order-address\"]', 'Rua da pinga, 2');\n(0, _actionBase.verifyElementContainsText)('[data-testid=\"0-order-total-value\"]', 'R$ 2,20');\n(0, _actionBase.verifyElementContainsText)('[data-testid=\"0-order-status\"]', 'Pendente');",
              "err": {},
              "uuid": "b71c2d92-83a4-487e-a454-e99854bdc5b0",
              "parentUUID": "af2e84e3-b3eb-40fa-bcef-37ed3956a1e3",
              "isHook": false,
              "skipped": false
            },
            {
              "title": "Será validado que é possível clicar no card do produto e ser redirecionado para tela de detalhes do produto",
              "fullTitle": "Criar tela de pedidos de admin Será validado que é possível clicar no card do produto e ser redirecionado para tela de detalhes do produto",
              "timedOut": null,
              "duration": 5807,
              "state": "passed",
              "speed": "slow",
              "pass": true,
              "fail": false,
              "pending": false,
              "context": null,
              "code": "(0, _actionBase.loginClientAndBuyProduct)();\n(0, _actionBase.logout)();\n(0, _actionBase.login)(Cypress.env('loginAdmin'), Cypress.env('passwordAdmin'));\n(0, _actionBase.clickButton)('[data-testid=\"side-menu-item-orders\"]');\n(0, _actionBase.clickButton)('[data-testid=\"0-order-number\"]');\n(0, _actionBase.verifyContainsUrl)(\"\".concat(Cypress.config().baseUrl, \"/admin/orders/1\"));",
              "err": {},
              "uuid": "ea290181-50ba-43a1-96c8-00789844d60d",
              "parentUUID": "af2e84e3-b3eb-40fa-bcef-37ed3956a1e3",
              "isHook": false,
              "skipped": false
            }
          ],
          "suites": [],
          "passes": [
            "755962d5-458c-437e-8791-8877b7763178",
            "6faa7c72-77d1-408d-911d-cd569ccfe89b",
            "b71c2d92-83a4-487e-a454-e99854bdc5b0",
            "ea290181-50ba-43a1-96c8-00789844d60d"
          ],
          "failures": [],
          "pending": [],
          "skipped": [],
          "duration": 23596,
          "root": false,
          "rootEmpty": false,
          "_timeout": 2000
        }
      ],
      "passes": [],
      "failures": [],
      "pending": [],
      "skipped": [],
      "duration": 0,
      "root": true,
      "rootEmpty": true,
      "_timeout": 2000
    }
  ],
  "meta": {
    "mocha": {
      "version": "7.0.1"
    },
    "mochawesome": {
      "options": {
        "quiet": false,
        "reportFilename": "mochawesome",
        "saveHtml": false,
        "saveJson": true,
        "consoleReporter": "spec",
        "useInlineDiffs": false
      },
      "version": "4.1.0"
    },
    "marge": {
      "options": {
        "id": "default",
        "reportDir": "cypress/reports",
        "overwrite": false,
        "html": false,
        "json": true
      },
      "version": "4.1.0"
    }
  }
}