{
  "stats": {
    "suites": 1,
    "tests": 9,
    "passes": 9,
    "pending": 0,
    "failures": 0,
    "start": "2020-11-02T05:05:34.609Z",
    "end": "2020-11-02T05:05:50.542Z",
    "duration": 15933,
    "testsRegistered": 9,
    "passPercent": 100,
    "pendingPercent": 0,
    "other": 0,
    "hasOther": false,
    "skipped": 0,
    "hasSkipped": false
  },
  "results": [
    {
      "uuid": "9f94ab04-6da2-4cb9-b85e-9b6288463d51",
      "title": "",
      "fullFile": "cypress/integration/checkout.spec.js",
      "file": "cypress/integration/checkout.spec.js",
      "beforeHooks": [],
      "afterHooks": [],
      "tests": [],
      "suites": [
        {
          "uuid": "3fda13bd-77c4-482e-b14a-f53b5588924c",
          "title": "Criar tela de checkout",
          "fullFile": "",
          "file": "",
          "beforeHooks": [],
          "afterHooks": [],
          "tests": [
            {
              "title": "Será validado que é possível acessar a tela de checkout",
              "fullTitle": "Criar tela de checkout Será validado que é possível acessar a tela de checkout",
              "timedOut": null,
              "duration": 2396,
              "state": "passed",
              "speed": "slow",
              "pass": true,
              "fail": false,
              "pending": false,
              "context": null,
              "code": "(0, _actionBase.loginAndAddProductInCart)(Cypress.env('login'), Cypress.env('password'));\n(0, _actionBase.verifyContainsUrl)(\"\".concat(Cypress.config().baseUrl, \"/checkout\"));",
              "err": {},
              "uuid": "6832a0bc-e0c9-424b-8ca4-c6c5dee80def",
              "parentUUID": "3fda13bd-77c4-482e-b14a-f53b5588924c",
              "isHook": false,
              "skipped": false
            },
            {
              "title": "Será validado que contém atributos descritos no protótipo",
              "fullTitle": "Criar tela de checkout Será validado que contém atributos descritos no protótipo",
              "timedOut": null,
              "duration": 1315,
              "state": "passed",
              "speed": "slow",
              "pass": true,
              "fail": false,
              "pending": false,
              "context": null,
              "code": "(0, _actionBase.loginAndAddProductInCart)(Cypress.env('login'), Cypress.env('password'));\n(0, _actionBase.verifyElementVisible)('[data-testid=\"top-title\"]');\n(0, _actionBase.verifyElementVisible)('[data-testid=\"0-product-qtd-input\"]');\n(0, _actionBase.verifyElementVisible)('[data-testid=\"0-product-name\"]');\n(0, _actionBase.verifyElementVisible)('[data-testid=\"0-product-total-value\"]');\n(0, _actionBase.verifyElementVisible)('[data-testid=\"0-product-unit-price\"]');\n(0, _actionBase.verifyElementVisible)('[data-testid=\"0-removal-button\"]');\n(0, _actionBase.verifyElementVisible)('[data-testid=\"order-total-value\"]');\n(0, _actionBase.verifyElementVisible)('[data-testid=\"checkout-street-input\"]');\n(0, _actionBase.verifyElementVisible)('[data-testid=\"checkout-house-number-input\"]');\n(0, _actionBase.verifyElementVisible)('[data-testid=\"checkout-finish-btn\"]');",
              "err": {},
              "uuid": "85c6f799-015b-43d4-9b17-11a9fe137548",
              "parentUUID": "3fda13bd-77c4-482e-b14a-f53b5588924c",
              "isHook": false,
              "skipped": false
            },
            {
              "title": "Será validado que é possível ver que o produto tem quantidade, nome e valor total do produto",
              "fullTitle": "Criar tela de checkout Será validado que é possível ver que o produto tem quantidade, nome e valor total do produto",
              "timedOut": null,
              "duration": 1350,
              "state": "passed",
              "speed": "slow",
              "pass": true,
              "fail": false,
              "pending": false,
              "context": null,
              "code": "(0, _actionBase.login)(Cypress.env('login'), Cypress.env('password'));\n(0, _actionBase.clickButton)('[data-testid=\"0-product-plus\"]');\n(0, _actionBase.clickButton)('[data-testid=\"0-product-plus\"]');\n(0, _actionBase.clickButton)('[data-testid=\"checkout-bottom-btn\"]');\n(0, _actionBase.verifyElementContainsText)('[data-testid=\"0-product-qtd-input\"]', '2');\n(0, _actionBase.verifyElementContainsText)('[data-testid=\"0-product-name\"]', 'Skol Lata 250ml');\n(0, _actionBase.verifyElementContainsText)('[data-testid=\"0-product-total-value\"]', 'R$ 4,40');\n(0, _actionBase.verifyElementContainsText)('[data-testid=\"0-product-unit-price\"]', '(R$ 2,20 un)');",
              "err": {},
              "uuid": "1fc76c10-abdf-4189-b03f-f2db4649717b",
              "parentUUID": "3fda13bd-77c4-482e-b14a-f53b5588924c",
              "isHook": false,
              "skipped": false
            },
            {
              "title": "Será validado que é possível a lista mostrar o valor total do carrinho",
              "fullTitle": "Criar tela de checkout Será validado que é possível a lista mostrar o valor total do carrinho",
              "timedOut": null,
              "duration": 1591,
              "state": "passed",
              "speed": "slow",
              "pass": true,
              "fail": false,
              "pending": false,
              "context": null,
              "code": "(0, _actionBase.login)(Cypress.env('login'), Cypress.env('password'));\n(0, _actionBase.clickButton)('[data-testid=\"0-product-plus\"]');\n(0, _actionBase.clickButton)('[data-testid=\"0-product-plus\"]');\n(0, _actionBase.clickButton)('[data-testid=\"checkout-bottom-btn\"]');\n(0, _actionBase.verifyElementContainsText)('[data-testid=\"0-product-qtd-input\"]', '2');\n(0, _actionBase.verifyElementContainsText)('[data-testid=\"order-total-value\"]', 'R$ 4,40');",
              "err": {},
              "uuid": "f347a991-e4ad-42e2-8a6e-9393604da148",
              "parentUUID": "3fda13bd-77c4-482e-b14a-f53b5588924c",
              "isHook": false,
              "skipped": false
            },
            {
              "title": "Será validado que é possível fazer refresh da tela e os dados continuarem na tela",
              "fullTitle": "Criar tela de checkout Será validado que é possível fazer refresh da tela e os dados continuarem na tela",
              "timedOut": null,
              "duration": 1640,
              "state": "passed",
              "speed": "slow",
              "pass": true,
              "fail": false,
              "pending": false,
              "context": null,
              "code": "(0, _actionBase.loginAndAddProductInCart)(Cypress.env('login'), Cypress.env('password'));\n(0, _actionBase.verifyElementContainsText)('[data-testid=\"0-product-qtd-input\"]', '1');\n(0, _actionBase.verifyElementContainsText)('[data-testid=\"0-product-name\"]', 'Skol Lata 250ml');\n(0, _actionBase.verifyElementContainsText)('[data-testid=\"0-product-total-value\"]', 'R$ 2,20');\n(0, _actionBase.verifyElementContainsText)('[data-testid=\"0-product-unit-price\"]', '(R$ 2,20 un)');\n(0, _actionBase.verifyElementContainsText)('[data-testid=\"order-total-value\"]', 'R$ 2,20');\ncy.reload();\n(0, _actionBase.verifyElementContainsText)('[data-testid=\"0-product-qtd-input\"]', '1');\n(0, _actionBase.verifyElementContainsText)('[data-testid=\"0-product-name\"]', 'Skol Lata 250ml');\n(0, _actionBase.verifyElementContainsText)('[data-testid=\"0-product-total-value\"]', 'R$ 2,20');\n(0, _actionBase.verifyElementContainsText)('[data-testid=\"0-product-unit-price\"]', '(R$ 2,20 un)');\n(0, _actionBase.verifyElementContainsText)('[data-testid=\"order-total-value\"]', 'R$ 2,20');",
              "err": {},
              "uuid": "dadd3f52-95f0-4cf2-8142-20e23fa89cee",
              "parentUUID": "3fda13bd-77c4-482e-b14a-f53b5588924c",
              "isHook": false,
              "skipped": false
            },
            {
              "title": "Será validado que é possível excluir um produto no checkout",
              "fullTitle": "Criar tela de checkout Será validado que é possível excluir um produto no checkout",
              "timedOut": null,
              "duration": 1324,
              "state": "passed",
              "speed": "slow",
              "pass": true,
              "fail": false,
              "pending": false,
              "context": null,
              "code": "(0, _actionBase.loginAndAddProductInCart)(Cypress.env('login'), Cypress.env('password'));\n(0, _actionBase.verifyElementVisible)('[data-testid=\"0-removal-button\"]');\n(0, _actionBase.clickButton)('[data-testid=\"0-removal-button\"]');\n(0, _actionBase.verifyContainsText)('Não há produtos no carrinho');\n(0, _actionBase.verifyElementContainsText)('[data-testid=\"order-total-value\"]', 'R$ 0,00');",
              "err": {},
              "uuid": "1d83824b-43e8-4f1e-9ba0-83649b406242",
              "parentUUID": "3fda13bd-77c4-482e-b14a-f53b5588924c",
              "isHook": false,
              "skipped": false
            },
            {
              "title": "Será validado que é possível o botão finalizar pedido ficar habilitado apenas quando tiver produto maior que zero e rua e numero preenchidos",
              "fullTitle": "Criar tela de checkout Será validado que é possível o botão finalizar pedido ficar habilitado apenas quando tiver produto maior que zero e rua e numero preenchidos",
              "timedOut": null,
              "duration": 1721,
              "state": "passed",
              "speed": "slow",
              "pass": true,
              "fail": false,
              "pending": false,
              "context": null,
              "code": "(0, _actionBase.loginAndAddProductInCart)(Cypress.env('login'), Cypress.env('password'));\n(0, _actionBase.verifyElementIsDisable)('[data-testid=\"checkout-finish-btn\"]');\n(0, _actionBase.insertText)('[data-testid=\"checkout-street-input\"]', 'Rua da pinga');\n(0, _actionBase.insertText)('[data-testid=\"checkout-house-number-input\"]', '2');\n(0, _actionBase.verifyElementNotContainsAttribute)('[data-testid=\"checkout-finish-btn\"]', 'disable');",
              "err": {},
              "uuid": "857e69a0-d913-4df2-8f0e-895f194a1d58",
              "parentUUID": "3fda13bd-77c4-482e-b14a-f53b5588924c",
              "isHook": false,
              "skipped": false
            },
            {
              "title": "Será validado que é possível fazer a compra de um produto e ao finalizar ver a mensagem de sucesso e  ser redirecionado para tela de produtos",
              "fullTitle": "Criar tela de checkout Será validado que é possível fazer a compra de um produto e ao finalizar ver a mensagem de sucesso e  ser redirecionado para tela de produtos",
              "timedOut": null,
              "duration": 3895,
              "state": "passed",
              "speed": "slow",
              "pass": true,
              "fail": false,
              "pending": false,
              "context": null,
              "code": "(0, _actionBase.loginAndAddProductInCart)(Cypress.env('login'), Cypress.env('password'));\n(0, _actionBase.insertText)('[data-testid=\"checkout-street-input\"]', 'Rua da pinga');\n(0, _actionBase.insertText)('[data-testid=\"checkout-house-number-input\"]', '2');\n(0, _actionBase.clickButton)('[data-testid=\"checkout-finish-btn\"]');\n(0, _actionBase.verifyContainsText)('Compra realizada com sucesso!');\n(0, _actionBase.verifyContainsUrl)(\"\".concat(Cypress.config().baseUrl, \"/products\"));",
              "err": {},
              "uuid": "6df29b23-ab3f-4aa5-9621-7b988eeac497",
              "parentUUID": "3fda13bd-77c4-482e-b14a-f53b5588924c",
              "isHook": false,
              "skipped": false
            },
            {
              "title": "Será validado que não é possível acessar o checkout sem estar logado e será redirecionado para tela de login",
              "fullTitle": "Criar tela de checkout Será validado que não é possível acessar o checkout sem estar logado e será redirecionado para tela de login",
              "timedOut": null,
              "duration": 491,
              "state": "passed",
              "speed": "slow",
              "pass": true,
              "fail": false,
              "pending": false,
              "context": null,
              "code": "cy.visit(\"\".concat(Cypress.config().baseUrl, \"/checkout\"));\n(0, _actionBase.verifyContainsUrl)(\"\".concat(Cypress.config().baseUrl, \"/login\"));",
              "err": {},
              "uuid": "af4a1985-eb95-4683-a239-b1186176fbbe",
              "parentUUID": "3fda13bd-77c4-482e-b14a-f53b5588924c",
              "isHook": false,
              "skipped": false
            }
          ],
          "suites": [],
          "passes": [
            "6832a0bc-e0c9-424b-8ca4-c6c5dee80def",
            "85c6f799-015b-43d4-9b17-11a9fe137548",
            "1fc76c10-abdf-4189-b03f-f2db4649717b",
            "f347a991-e4ad-42e2-8a6e-9393604da148",
            "dadd3f52-95f0-4cf2-8142-20e23fa89cee",
            "1d83824b-43e8-4f1e-9ba0-83649b406242",
            "857e69a0-d913-4df2-8f0e-895f194a1d58",
            "6df29b23-ab3f-4aa5-9621-7b988eeac497",
            "af4a1985-eb95-4683-a239-b1186176fbbe"
          ],
          "failures": [],
          "pending": [],
          "skipped": [],
          "duration": 15723,
          "root": false,
          "rootEmpty": false,
          "_timeout": 2000
        }
      ],
      "passes": [],
      "failures": [],
      "pending": [],
      "skipped": [],
      "duration": 0,
      "root": true,
      "rootEmpty": true,
      "_timeout": 2000
    }
  ],
  "meta": {
    "mocha": {
      "version": "7.0.1"
    },
    "mochawesome": {
      "options": {
        "quiet": false,
        "reportFilename": "mochawesome",
        "saveHtml": false,
        "saveJson": true,
        "consoleReporter": "spec",
        "useInlineDiffs": false
      },
      "version": "4.1.0"
    },
    "marge": {
      "options": {
        "id": "default",
        "reportDir": "cypress/reports",
        "overwrite": false,
        "html": false,
        "json": true
      },
      "version": "4.1.0"
    }
  }
}